<?xml version="1.0" encoding="UTF-8"?>
<testsuite name="com.bestbuy.cucumber.CucumberRunner" time="45.874" tests="52" errors="0" skipped="0" failures="0">
  <properties>
[...]
</properties>
  <testcase name="When User sends a GET request to the categories endpoint , they must get back a valid status code 200" classname="Scenario: check if the best buy categories application can be accessed by users" time="0.003"/>
  <testcase name="Scenario: check if the best buy categories application can be accessed by users" classname="Scenario: check if the best buy categories application can be accessed by users" time="26.815"/>
  <testcase name="When I create a new categories by providing the information name &amp; id" classname="Scenario: Create a new categories &amp; verify if the categories is added" time="0.01"/>
  <testcase name="Then I verify the categories is created" classname="Scenario: Create a new categories &amp; verify if the categories is added" time="0.001"/>
  <testcase name="Scenario: Create a new categories &amp; verify if the categories is added" classname="Scenario: Create a new categories &amp; verify if the categories is added" time="0.442"/>
  <testcase name="When I send GET request to categories endpoint with Id &quot;Id&quot; , I should received the categories information" classname="Scenario: Getting categories information by Id" time="0"/>
  <testcase name="Scenario: Getting categories information by Id" classname="Scenario: Getting categories information by Id" time="1.392"/>
  <testcase name="When I update a created categories providing the new name" classname="Scenario: Update a created categories &amp; verify if the categories is updated" time="0"/>
  <testcase name="Then I verify the categories is updated" classname="Scenario: Update a created categories &amp; verify if the categories is updated" time="0"/>
  <testcase name="Scenario: Update a created categories &amp; verify if the categories is updated" classname="Scenario: Update a created categories &amp; verify if the categories is updated" time="0.686"/>
  <testcase name="When I delete a created categories ,they must get back a valid status code  is 200" classname="Scenario: Delete a created categories &amp; verify the categories is deleted" time="0"/>
  <testcase name="Then I verify the categories is deleted" classname="Scenario: Delete a created categories &amp; verify the categories is deleted" time="0"/>
  <testcase name="Scenario: Delete a created categories &amp; verify the categories is deleted" classname="Scenario: Delete a created categories &amp; verify the categories is deleted" time="0.79"/>
  <testcase name="When User sends a GET request to the products endpoint , they must get back a valid status code 200" classname="Scenario: check if the best buy product application can be accessed by users" time="0"/>
  <testcase name="Scenario: check if the best buy product application can be accessed by users" classname="Scenario: check if the best buy product application can be accessed by users" time="1.487"/>
  <testcase name="When I create a new product by providing the information name type  upc  price &quot;87.99&quot; description &quot;This is a placeholder request for creating a new product&quot; model" classname="| 87.99 | This is a placeholder request for creating a new product |" time="0"/>
  <testcase name="Then I verify the product is created" classname="| 87.99 | This is a placeholder request for creating a new product |" time="0"/>
  <testcase name="| 87.99 | This is a placeholder request for creating a new product |" classname="| 87.99 | This is a placeholder request for creating a new product |" time="0.734"/>
  <testcase name="When I send GET request to product endpoint with Id &quot;Id&quot; , I should received the product information" classname="Scenario: Getting product information by Id" time="0"/>
  <testcase name="Scenario: Getting product information by Id" classname="Scenario: Getting product information by Id" time="1.788"/>
  <testcase name="When I update a created product providing the new name upc price and description" classname="Scenario: Update a created product &amp; verify if the product is updated" time="0"/>
  <testcase name="Then I verify the product is updated" classname="Scenario: Update a created product &amp; verify if the product is updated" time="0.001"/>
  <testcase name="Scenario: Update a created product &amp; verify if the product is updated" classname="Scenario: Update a created product &amp; verify if the product is updated" time="0.821"/>
  <testcase name="When I delete a created product ,they must get back a valid status code  is 200" classname="Scenario: Delete a created product &amp; verify the product is deleted" time="0"/>
  <testcase name="Then I verify the product is deleted" classname="Scenario: Delete a created product &amp; verify the product is deleted" time="0"/>
  <testcase name="Scenario: Delete a created product &amp; verify the product is deleted" classname="Scenario: Delete a created product &amp; verify the product is deleted" time="0.777"/>
  <testcase name="When User sends a GET request to the services endpoint , they must get back a valid status code 200" classname="Scenario: check if the best buy services application can be accessed by users" time="0"/>
  <testcase name="Scenario: check if the best buy services application can be accessed by users" classname="Scenario: check if the best buy services application can be accessed by users" time="1.06"/>
  <testcase name="When I create a new services by providing the information name" classname="Scenario: Create a new services &amp; verify if the services is added" time="0"/>
  <testcase name="Then I verify the services is created" classname="Scenario: Create a new services &amp; verify if the services is added" time="0"/>
  <testcase name="Scenario: Create a new services &amp; verify if the services is added" classname="Scenario: Create a new services &amp; verify if the services is added" time="0.962"/>
  <testcase name="When I send GET request to services endpoint with Id &quot;Id&quot; , I should received the services information" classname="Scenario: Getting services information by Id" time="0.001"/>
  <testcase name="Scenario: Getting services information by Id" classname="Scenario: Getting services information by Id" time="1.013"/>
  <testcase name="When I update a created services providing the new name" classname="Scenario: Update a created services &amp; verify if the services is updated" time="0"/>
  <testcase name="Then I verify the services is updated" classname="Scenario: Update a created services &amp; verify if the services is updated" time="0"/>
  <testcase name="Scenario: Update a created services &amp; verify if the services is updated" classname="Scenario: Update a created services &amp; verify if the services is updated" time="0.674"/>
  <testcase name="When I delete a created services ,they must get back a valid status code  is 200" classname="Scenario: Delete a created services &amp; verify the services is deleted" time="0"/>
  <testcase name="Then I verify the services is created is deleted" classname="Scenario: Delete a created services &amp; verify the services is deleted" time="0"/>
  <testcase name="Scenario: Delete a created services &amp; verify the services is deleted" classname="Scenario: Delete a created services &amp; verify the services is deleted" time="0.606"/>
  <testcase name="When User sends a GET request to the stores endpoint , they must get back a valid status code 200" classname="Scenario: check if the best buy stores application can be accessed by users" time="0"/>
  <testcase name="Scenario: check if the best buy stores application can be accessed by users" classname="Scenario: check if the best buy stores application can be accessed by users" time="1.785"/>
  <testcase name="When I create a new stores by providing the information name type  address addresstwo  city state zip lat &quot;45.958785&quot; lng &quot;-90.445596&quot; hours &quot;Mon: 9-6; Tue: 9-6; Wed: 9-6; Thurs: 9-6; Fri: 9-6; Sat: 9-6; Sun: 9-6&quot;" classname="| 45.958785 | -90.445596 | Mon: 9-6; Tue: 9-6; Wed: 9-6; Thurs: 9-6; Fri: 9-6; Sat: 9-6; Sun: 9-6 |" time="0"/>
  <testcase name="Then I verify the stores is created" classname="| 45.958785 | -90.445596 | Mon: 9-6; Tue: 9-6; Wed: 9-6; Thurs: 9-6; Fri: 9-6; Sat: 9-6; Sun: 9-6 |" time="0.001"/>
  <testcase name="| 45.958785 | -90.445596 | Mon: 9-6; Tue: 9-6; Wed: 9-6; Thurs: 9-6; Fri: 9-6; Sat: 9-6; Sun: 9-6 |" classname="| 45.958785 | -90.445596 | Mon: 9-6; Tue: 9-6; Wed: 9-6; Thurs: 9-6; Fri: 9-6; Sat: 9-6; Sun: 9-6 |" time="1.121"/>
  <testcase name="When I send GET request to stores endpoint with Id &quot;Id&quot; , I should received the store information" classname="Scenario: Getting stores information by Id" time="0.005"/>
  <testcase name="Scenario: Getting stores information by Id" classname="Scenario: Getting stores information by Id" time="1.021"/>
  <testcase name="When I update a created store providing the new name type and hours" classname="Scenario: Update a created store &amp; verify if the store is updated" time="0"/>
  <testcase name="Then I verify the store is updated" classname="Scenario: Update a created store &amp; verify if the store is updated" time="0"/>
  <testcase name="Scenario: Update a created store &amp; verify if the store is updated" classname="Scenario: Update a created store &amp; verify if the store is updated" time="1.229"/>
  <testcase name="When I delete a created store ,they must get back a valid status code is 200" classname="Scenario: Delete a created store &amp; verify the store is deleted" time="0"/>
  <testcase name="Then I verify the store is deleted" classname="Scenario: Delete a created store &amp; verify the store is deleted" time="0"/>
  <testcase name="Scenario: Delete a created store &amp; verify the store is deleted" classname="Scenario: Delete a created store &amp; verify the store is deleted" time="0.649"/>
</testsuite>