<?xml version="1.0" encoding="UTF-8"?><testsuite errors="0" failures="0" name="com.bestbuy.crudtest.ServiceCRUDTest" skipped="0" tests="4" time="11.35" timestamp="2020-06-08T17:17:24.900+01:00[Europe/London]"><testcase classname="com.bestbuy.crudtest.ServiceCRUDTest" name="This test will create a new services and verify its generated"/><testcase classname="com.bestbuy.crudtest.ServiceCRUDTest" name="This test will get the services information by ID"/><testcase classname="com.bestbuy.crudtest.ServiceCRUDTest" name="This test will update the services information and verify the updated information"/><testcase classname="com.bestbuy.crudtest.ServiceCRUDTest" name="This test will delete the categories information and verify the categories is deleted "/></testsuite>