<?xml version="1.0" encoding="UTF-8"?><testsuite errors="0" failures="0" name="Testing different requests on the best buy categories application" skipped="0" tests="5" time="87.01" timestamp="2020-06-08T17:15:36.707+01:00[Europe/London]"><testcase name="check if the best buy categories application can be accessed by users"/><testcase name="Create a new categories &amp; verify if the categories is added"/><testcase name="Getting categories information by Id"/><testcase name="Update a created categories &amp; verify if the categories is updated"/><testcase name="Delete a created categories &amp; verify the categories is deleted"/></testsuite>