<?xml version="1.0" encoding="UTF-8"?><testsuite errors="0" failures="0" name="com.bestbuy.crudtest.ProductsCRUDTest" skipped="0" tests="4" time="8.25" timestamp="2020-06-08T17:17:15.882+01:00[Europe/London]"><testcase classname="com.bestbuy.crudtest.ProductsCRUDTest" name="This test will create a new products and verify its generated"/><testcase classname="com.bestbuy.crudtest.ProductsCRUDTest" name="This test will get the product information by ID"/><testcase classname="com.bestbuy.crudtest.ProductsCRUDTest" name="This test will update the product information and verify the updated information"/><testcase classname="com.bestbuy.crudtest.ProductsCRUDTest" name="This test will delete the product information and verify the product is deleted "/></testsuite>