<?xml version="1.0" encoding="UTF-8"?><testsuite errors="0" failures="0" name="Testing different requests on the best buy stores application" skipped="0" tests="5" time="2.13" timestamp="2020-06-08T17:17:50.415+01:00[Europe/London]"><testcase name="check if the best buy stores application can be accessed by users"/><testcase name="Create a new stores &amp; verify if the stores is added"/><testcase name="Getting stores information by Id"/><testcase name="Update a created store &amp; verify if the store is updated"/><testcase name="Delete a created store &amp; verify the store is deleted"/></testsuite>