<?xml version="1.0" encoding="UTF-8"?><testsuite errors="0" failures="0" name="Testing different requests on the best buy product application" skipped="0" tests="5" time="4.76" timestamp="2020-06-08T17:17:33.903+01:00[Europe/London]"><testcase name="check if the best buy product application can be accessed by users"/><testcase name="Create a new product &amp; verify if the product is added"/><testcase name="Getting product information by Id"/><testcase name="Update a created product &amp; verify if the product is updated"/><testcase name="Delete a created product &amp; verify the product is deleted"/></testsuite>